2023-12-27T12:43:26.330+05:30  INFO 19888 --- [restartedMain] c.s.f.FlightReservationApplication       : Starting FlightReservationApplication using Java 17.0.9 with PID 19888 (D:\SArAth\Repo\SpringBootWithMicroservice\FlightReservation\target\classes started by sarathkumarb in D:\SArAth\Repo\SpringBootWithMicroservice\FlightReservation)
2023-12-27T12:43:26.334+05:30  INFO 19888 --- [restartedMain] c.s.f.FlightReservationApplication       : No active profile set, falling back to 1 default profile: "default"
2023-12-27T12:43:26.406+05:30  INFO 19888 --- [restartedMain] .e.DevToolsPropertyDefaultsPostProcessor : Devtools property defaults active! Set 'spring.devtools.add-properties' to 'false' to disable
2023-12-27T12:43:26.407+05:30  INFO 19888 --- [restartedMain] .e.DevToolsPropertyDefaultsPostProcessor : For additional web related logging consider setting the 'logging.level.web' property to 'DEBUG'
2023-12-27T12:43:27.815+05:30  INFO 19888 --- [restartedMain] .s.d.r.c.RepositoryConfigurationDelegate : Bootstrapping Spring Data JPA repositories in DEFAULT mode.
2023-12-27T12:43:27.997+05:30  INFO 19888 --- [restartedMain] .s.d.r.c.RepositoryConfigurationDelegate : Finished Spring Data repository scanning in 145 ms. Found 4 JPA repository interfaces.
2023-12-27T12:43:29.122+05:30  INFO 19888 --- [restartedMain] o.s.b.w.embedded.tomcat.TomcatWebServer  : Tomcat initialized with port(s): 8082 (http)
2023-12-27T12:43:29.143+05:30  INFO 19888 --- [restartedMain] o.apache.catalina.core.StandardService   : Starting service [Tomcat]
2023-12-27T12:43:29.144+05:30  INFO 19888 --- [restartedMain] o.apache.catalina.core.StandardEngine    : Starting Servlet engine: [Apache Tomcat/10.1.8]
2023-12-27T12:43:29.715+05:30  INFO 19888 --- [restartedMain] org.apache.jasper.servlet.TldScanner     : At least one JAR was scanned for TLDs yet contained no TLDs. Enable debug logging for this logger for a complete list of JARs that were scanned but no TLDs were found in them. Skipping unneeded JARs during scanning can improve startup time and JSP compilation time.
2023-12-27T12:43:29.733+05:30  INFO 19888 --- [restartedMain] o.a.c.c.C.[.[localhost].[/SarathFlight]  : Initializing Spring embedded WebApplicationContext
2023-12-27T12:43:29.733+05:30  INFO 19888 --- [restartedMain] w.s.c.ServletWebServerApplicationContext : Root WebApplicationContext: initialization completed in 3326 ms
2023-12-27T12:43:30.131+05:30  INFO 19888 --- [restartedMain] o.hibernate.jpa.internal.util.LogHelper  : HHH000204: Processing PersistenceUnitInfo [name: default]
2023-12-27T12:43:30.312+05:30  INFO 19888 --- [restartedMain] org.hibernate.Version                    : HHH000412: Hibernate ORM core version 6.2.2.Final
2023-12-27T12:43:30.315+05:30  INFO 19888 --- [restartedMain] org.hibernate.cfg.Environment            : HHH000406: Using bytecode reflection optimizer
2023-12-27T12:43:30.618+05:30  INFO 19888 --- [restartedMain] o.h.b.i.BytecodeProviderInitiator        : HHH000021: Bytecode provider name : bytebuddy
2023-12-27T12:43:30.895+05:30  INFO 19888 --- [restartedMain] o.s.o.j.p.SpringPersistenceUnitInfo      : No LoadTimeWeaver setup: ignoring JPA class transformer
2023-12-27T12:43:30.975+05:30  INFO 19888 --- [restartedMain] com.zaxxer.hikari.HikariDataSource       : HikariPool-1 - Starting...
2023-12-27T12:43:31.821+05:30  INFO 19888 --- [restartedMain] com.zaxxer.hikari.pool.HikariPool        : HikariPool-1 - Added connection com.mysql.cj.jdbc.ConnectionImpl@42394ab4
2023-12-27T12:43:31.824+05:30  INFO 19888 --- [restartedMain] com.zaxxer.hikari.HikariDataSource       : HikariPool-1 - Start completed.
2023-12-27T12:43:31.994+05:30  INFO 19888 --- [restartedMain] org.hibernate.orm.dialect                : HHH035001: Using dialect: org.hibernate.dialect.MySQLDialect, version: 8.0.19
2023-12-27T12:43:32.464+05:30  INFO 19888 --- [restartedMain] o.h.b.i.BytecodeProviderInitiator        : HHH000021: Bytecode provider name : bytebuddy
2023-12-27T12:43:33.914+05:30  INFO 19888 --- [restartedMain] o.h.e.t.j.p.i.JtaPlatformInitiator       : HHH000490: Using JtaPlatform implementation: [org.hibernate.engine.transaction.jta.platform.internal.NoJtaPlatform]
2023-12-27T12:43:36.095+05:30  INFO 19888 --- [restartedMain] j.LocalContainerEntityManagerFactoryBean : Initialized JPA EntityManagerFactory for persistence unit 'default'
2023-12-27T12:43:36.656+05:30  INFO 19888 --- [restartedMain] o.s.d.j.r.query.QueryEnhancerFactory     : Hibernate is in classpath; If applicable, HQL parser will be used.
2023-12-27T12:43:37.804+05:30  WARN 19888 --- [restartedMain] JpaBaseConfiguration$JpaWebConfiguration : spring.jpa.open-in-view is enabled by default. Therefore, database queries may be performed during view rendering. Explicitly configure spring.jpa.open-in-view to disable this warning
2023-12-27T12:43:38.479+05:30  INFO 19888 --- [restartedMain] o.s.b.d.a.OptionalLiveReloadServer       : LiveReload server is running on port 35729
2023-12-27T12:43:38.809+05:30  INFO 19888 --- [restartedMain] o.s.b.w.embedded.tomcat.TomcatWebServer  : Tomcat started on port(s): 8082 (http) with context path '/SarathFlight'
2023-12-27T12:43:38.826+05:30  INFO 19888 --- [restartedMain] c.s.f.FlightReservationApplication       : Started FlightReservationApplication in 13.356 seconds (process running for 16.12)
2023-12-27T12:44:00.230+05:30  INFO 19888 --- [RMI TCP Connection(3)-127.0.0.1] inMXBeanRegistrar$SpringApplicationAdmin : Application shutdown requested.
2023-12-27T12:44:00.272+05:30  INFO 19888 --- [RMI TCP Connection(3)-127.0.0.1] o.apache.catalina.core.StandardService   : Stopping service [Tomcat]
2023-12-27T12:44:00.280+05:30  INFO 19888 --- [RMI TCP Connection(3)-127.0.0.1] j.LocalContainerEntityManagerFactoryBean : Closing JPA EntityManagerFactory for persistence unit 'default'
2023-12-27T12:44:00.283+05:30  INFO 19888 --- [RMI TCP Connection(3)-127.0.0.1] com.zaxxer.hikari.HikariDataSource       : HikariPool-1 - Shutdown initiated...
2023-12-27T12:44:00.355+05:30  INFO 19888 --- [RMI TCP Connection(3)-127.0.0.1] com.zaxxer.hikari.HikariDataSource       : HikariPool-1 - Shutdown completed.
