2023-12-27 14:52:34 - Starting FlightReservationApplication using Java 17.0.9 with PID 8216 (D:\SArAth\Repo\SpringBootWithMicroservice\FlightReservation\target\classes started by sarathkumarb in D:\SArAth\Repo\SpringBootWithMicroservice\FlightReservation)
2023-12-27 14:52:34 - No active profile set, falling back to 1 default profile: "default"
2023-12-27 14:52:34 - Devtools property defaults active! Set 'spring.devtools.add-properties' to 'false' to disable
2023-12-27 14:52:34 - For additional web related logging consider setting the 'logging.level.web' property to 'DEBUG'
2023-12-27 14:52:35 - Bootstrapping Spring Data JPA repositories in DEFAULT mode.
2023-12-27 14:52:35 - Finished Spring Data repository scanning in 166 ms. Found 4 JPA repository interfaces.
2023-12-27 14:52:36 - Tomcat initialized with port(s): 8082 (http)
2023-12-27 14:52:36 - Initializing ProtocolHandler ["http-nio-8082"]
2023-12-27 14:52:36 - Starting service [Tomcat]
2023-12-27 14:52:36 - Starting Servlet engine: [Apache Tomcat/10.1.8]
2023-12-27 14:52:37 - At least one JAR was scanned for TLDs yet contained no TLDs. Enable debug logging for this logger for a complete list of JARs that were scanned but no TLDs were found in them. Skipping unneeded JARs during scanning can improve startup time and JSP compilation time.
2023-12-27 14:52:37 - Initializing Spring embedded WebApplicationContext
2023-12-27 14:52:37 - Root WebApplicationContext: initialization completed in 2976 ms
2023-12-27 14:52:37 - HHH000204: Processing PersistenceUnitInfo [name: default]
2023-12-27 14:52:37 - HHH000412: Hibernate ORM core version 6.2.2.Final
2023-12-27 14:52:37 - HHH000406: Using bytecode reflection optimizer
2023-12-27 14:52:38 - HHH000021: Bytecode provider name : bytebuddy
2023-12-27 14:52:38 - No LoadTimeWeaver setup: ignoring JPA class transformer
2023-12-27 14:52:38 - HikariPool-1 - Starting...
2023-12-27 14:52:40 - HikariPool-1 - Added connection com.mysql.cj.jdbc.ConnectionImpl@7be8b101
2023-12-27 14:52:40 - HikariPool-1 - Start completed.
2023-12-27 14:52:41 - HHH035001: Using dialect: org.hibernate.dialect.MySQLDialect, version: 8.0.19
2023-12-27 14:52:41 - HHH000021: Bytecode provider name : bytebuddy
2023-12-27 14:52:43 - HHH000490: Using JtaPlatform implementation: [org.hibernate.engine.transaction.jta.platform.internal.NoJtaPlatform]
2023-12-27 14:52:46 - Initialized JPA EntityManagerFactory for persistence unit 'default'
2023-12-27 14:52:46 - Hibernate is in classpath; If applicable, HQL parser will be used.
2023-12-27 14:52:47 - spring.jpa.open-in-view is enabled by default. Therefore, database queries may be performed during view rendering. Explicitly configure spring.jpa.open-in-view to disable this warning
2023-12-27 14:52:48 - LiveReload server is running on port 35729
2023-12-27 14:52:48 - Starting ProtocolHandler ["http-nio-8082"]
2023-12-27 14:52:48 - Tomcat started on port(s): 8082 (http) with context path '/SarathFlight'
2023-12-27 14:52:48 - Started FlightReservationApplication in 14.59 seconds (process running for 17.417)
2023-12-27 14:54:13 - Restarting due to 1 class path change (0 additions, 0 deletions, 1 modification)
2023-12-27 14:54:13 - Pausing ProtocolHandler ["http-nio-8082"]
2023-12-27 14:54:13 - Stopping service [Tomcat]
2023-12-27 14:54:13 - Stopping ProtocolHandler ["http-nio-8082"]
2023-12-27 14:54:13 - Destroying ProtocolHandler ["http-nio-8082"]
2023-12-27 14:54:13 - Closing JPA EntityManagerFactory for persistence unit 'default'
2023-12-27 14:54:13 - HikariPool-1 - Shutdown initiated...
2023-12-27 14:54:13 - HikariPool-1 - Shutdown completed.
2023-12-27 14:54:13 - Starting FlightReservationApplication using Java 17.0.9 with PID 8216 (D:\SArAth\Repo\SpringBootWithMicroservice\FlightReservation\target\classes started by sarathkumarb in D:\SArAth\Repo\SpringBootWithMicroservice\FlightReservation)
2023-12-27 14:54:13 - No active profile set, falling back to 1 default profile: "default"
2023-12-27 14:54:13 - Bootstrapping Spring Data JPA repositories in DEFAULT mode.
2023-12-27 14:54:13 - Finished Spring Data repository scanning in 14 ms. Found 4 JPA repository interfaces.
2023-12-27 14:54:14 - Tomcat initialized with port(s): 8082 (http)
2023-12-27 14:54:14 - Initializing ProtocolHandler ["http-nio-8082"]
2023-12-27 14:54:14 - Starting service [Tomcat]
2023-12-27 14:54:14 - Starting Servlet engine: [Apache Tomcat/10.1.8]
2023-12-27 14:54:14 - At least one JAR was scanned for TLDs yet contained no TLDs. Enable debug logging for this logger for a complete list of JARs that were scanned but no TLDs were found in them. Skipping unneeded JARs during scanning can improve startup time and JSP compilation time.
2023-12-27 14:54:14 - Initializing Spring embedded WebApplicationContext
2023-12-27 14:54:14 - Root WebApplicationContext: initialization completed in 576 ms
2023-12-27 14:54:14 - HHH000204: Processing PersistenceUnitInfo [name: default]
2023-12-27 14:54:14 - HHH000021: Bytecode provider name : bytebuddy
2023-12-27 14:54:14 - No LoadTimeWeaver setup: ignoring JPA class transformer
2023-12-27 14:54:14 - HikariPool-2 - Starting...
2023-12-27 14:54:14 - HikariPool-2 - Added connection com.mysql.cj.jdbc.ConnectionImpl@50da65ff
2023-12-27 14:54:14 - HikariPool-2 - Start completed.
2023-12-27 14:54:14 - HHH035001: Using dialect: org.hibernate.dialect.MySQLDialect, version: 8.0.19
2023-12-27 14:54:14 - HHH000021: Bytecode provider name : bytebuddy
2023-12-27 14:54:14 - HHH000490: Using JtaPlatform implementation: [org.hibernate.engine.transaction.jta.platform.internal.NoJtaPlatform]
2023-12-27 14:54:15 - Initialized JPA EntityManagerFactory for persistence unit 'default'
2023-12-27 14:54:15 - spring.jpa.open-in-view is enabled by default. Therefore, database queries may be performed during view rendering. Explicitly configure spring.jpa.open-in-view to disable this warning
2023-12-27 14:54:15 - LiveReload server is running on port 35729
2023-12-27 14:54:15 - Starting ProtocolHandler ["http-nio-8082"]
2023-12-27 14:54:15 - Tomcat started on port(s): 8082 (http) with context path '/SarathFlight'
2023-12-27 14:54:15 - Started FlightReservationApplication in 1.868 seconds (process running for 104.394)
2023-12-27 14:54:15 - Condition evaluation unchanged
2023-12-27 14:54:18 - Application shutdown requested.
2023-12-27 14:54:18 - Pausing ProtocolHandler ["http-nio-8082"]
2023-12-27 14:54:18 - Stopping service [Tomcat]
2023-12-27 14:54:18 - Stopping ProtocolHandler ["http-nio-8082"]
2023-12-27 14:54:18 - Destroying ProtocolHandler ["http-nio-8082"]
2023-12-27 14:54:18 - Closing JPA EntityManagerFactory for persistence unit 'default'
2023-12-27 14:54:18 - HikariPool-2 - Shutdown initiated...
2023-12-27 14:54:18 - HikariPool-2 - Shutdown completed.
